TN:
SF:src/app.module.ts
FNF:0
FNH:0
DA:1,0
DA:2,0
DA:3,0
DA:4,0
DA:12,0
LF:5
LH:0
BRF:0
BRH:0
end_of_record
TN:
SF:src/main.ts
FN:6,bootstrap
FNF:1
FNH:0
FNDA:0,bootstrap
DA:1,0
DA:2,0
DA:3,0
DA:4,0
DA:7,0
DA:10,0
DA:22,0
DA:29,0
DA:30,0
DA:32,0
DA:33,0
DA:34,0
DA:35,0
DA:37,0
LF:14
LH:0
BRF:0
BRH:0
end_of_record
TN:
SF:src/config/typeorm.config.ts
FNF:0
FNH:0
DA:2,0
DA:3,0
DA:5,0
LF:3
LH:0
BRF:0
BRH:0
end_of_record
TN:
SF:src/products/products.controller.ts
FN:11,(anonymous_4)
FN:17,(anonymous_5)
FN:24,(anonymous_6)
FN:32,(anonymous_7)
FN:40,(anonymous_8)
FN:49,(anonymous_9)
FN:60,(anonymous_10)
FNF:7
FNH:7
FNDA:7,(anonymous_4)
FNDA:1,(anonymous_5)
FNDA:1,(anonymous_6)
FNDA:1,(anonymous_7)
FNDA:1,(anonymous_8)
FNDA:1,(anonymous_9)
FNDA:1,(anonymous_10)
DA:1,1
DA:2,1
DA:3,1
DA:4,1
DA:5,1
DA:10,1
DA:11,7
DA:17,1
DA:18,1
DA:24,1
DA:25,1
DA:32,1
DA:33,1
DA:40,1
DA:41,1
DA:49,1
DA:53,1
DA:60,1
DA:61,1
LF:19
LH:19
BRF:0
BRH:0
end_of_record
TN:
SF:src/products/products.module.ts
FNF:0
FNH:0
DA:1,0
DA:2,0
DA:3,0
DA:4,0
DA:5,0
DA:6,0
DA:13,0
LF:7
LH:0
BRF:0
BRH:0
end_of_record
TN:
SF:src/products/products.service.ts
FN:12,(anonymous_4)
FN:19,(anonymous_5)
FN:26,(anonymous_6)
FN:30,(anonymous_7)
FN:41,(anonymous_8)
FN:75,(anonymous_9)
FN:82,(anonymous_10)
FN:89,(anonymous_11)
FNF:8
FNH:8
FNDA:10,(anonymous_4)
FNDA:1,(anonymous_5)
FNDA:1,(anonymous_6)
FNDA:6,(anonymous_7)
FNDA:1,(anonymous_8)
FNDA:2,(anonymous_9)
FNDA:1,(anonymous_10)
FNDA:2,(anonymous_11)
DA:1,2
DA:2,2
DA:3,2
DA:6,2
DA:7,2
DA:11,2
DA:14,10
DA:16,10
DA:20,1
DA:23,1
DA:27,1
DA:31,6
DA:35,6
DA:36,3
DA:38,3
DA:42,1
DA:43,1
DA:45,1
DA:49,1
DA:50,1
DA:55,1
DA:56,1
DA:61,1
DA:66,1
DA:76,2
DA:79,1
DA:82,1
DA:83,1
DA:86,1
DA:90,2
DA:91,1
LF:31
LH:31
BRDA:35,0,0,3
BRDA:42,1,0,0
BRDA:42,2,0,0
BRDA:49,3,0,1
BRDA:55,4,0,1
BRF:5
BRH:3
end_of_record
TN:
SF:src/products/dto/create-product.dto.ts
FN:21,(anonymous_2)
FNF:1
FNH:0
FNDA:0,(anonymous_2)
DA:1,1
DA:2,1
DA:5,1
DA:8,1
DA:12,1
DA:16,1
DA:19,1
DA:21,0
DA:23,1
LF:9
LH:8
BRF:0
BRH:0
end_of_record
TN:
SF:src/products/dto/search-product.dto.ts
FN:4,(anonymous_2)
FN:14,(anonymous_3)
FN:20,(anonymous_4)
FNF:3
FNH:0
FNDA:0,(anonymous_2)
FNDA:0,(anonymous_3)
FNDA:0,(anonymous_4)
DA:1,1
DA:2,1
DA:4,1
DA:7,1
DA:11,1
DA:14,0
DA:17,1
DA:20,0
DA:24,1
LF:9
LH:7
BRF:0
BRH:0
end_of_record
TN:
SF:src/products/entities/product-translation.entity.ts
FN:18,(anonymous_2)
FN:18,(anonymous_3)
FNF:2
FNH:0
FNDA:0,(anonymous_2)
FNDA:0,(anonymous_3)
DA:1,2
DA:2,2
DA:5,2
DA:7,2
DA:10,2
DA:13,2
DA:16,2
DA:18,0
DA:21,2
DA:24,2
DA:27,2
LF:11
LH:10
BRF:0
BRH:0
end_of_record
TN:
SF:src/products/entities/product.entity.ts
FN:9,(anonymous_2)
FN:9,(anonymous_3)
FNF:2
FNH:0
FNDA:0,(anonymous_2)
FNDA:0,(anonymous_3)
DA:1,2
DA:2,2
DA:5,2
DA:7,2
DA:9,0
DA:13,2
DA:16,2
DA:19,2
LF:8
LH:7
BRF:0
BRH:0
end_of_record
